<?xml version="1.0" encoding="utf-8" ?>
<!DOCTYPE html PUBLIC "-//W3C//DTD XHTML 1.0 Strict//EN"
        "http://www.w3.org/TR/xhtml1/DTD/xhtml1-strict.dtd">
<html xmlns="http://www.w3.org/1999/xhtml" xml:lang="" lang="">
<head>
  <title>Test Results Report - 统计报表全功能测试</title>
  <meta http-equiv="Content-Type" content="text/html;charset=utf-8" />
  <meta name="description" content="TestNG unit test results." />
  <link href="reportng.css" rel="stylesheet" type="text/css" />
    <script src="jquery-1.11.1.min.js"></script>
  <script type="text/javascript" src="reportng.js"></script>
</head>
<body>
<h1>统计报表全功能测试</h1>
<p>
  Test duration: 51.165s
</p>



  <table class="resultsTable">
    <tr><th colspan="3" class="header failed">Failed Tests</th></tr>
          <tr>
        <td colspan="3" class="group">yly.web.testcase.tongjibaobiao.lichengbaobiao.LiChengBaoBiaoDay</td>
      </tr>
             <tr  class="trcss2">
 
  <td class="method">
                  <span class="description" title="浙A0C766在2014年11月的里程日报查询">liChengBaoBiaoDay</span><br/>   
      </td>
  
  
  <td class="duration">
    4.994s
  </td>
  
  
  <td class="result">
	      <span class="methodDescription" onclick="methodDescriptionclick('liChengBaoBiaoDay')">浙A0C766在2014年11月的里程日报查询</span><br/>     
        
    
        
    
            <div id=liChengBaoBiaoDay class="testOutput"  >
                        2014-12-10 11:48:08=&gt;移动鼠标到[统计报表]中心后点击，鼠标悬停，随后找到[里程报表]点击<br />
                                2014-12-10 11:48:10=&gt;跳转到新页面：易流云平台<br />
                                2014-12-10 11:48:12=&gt;New page title is:易流云平台<br />
                  </div>
    

        <a href="javascript:toggleElement('exception-0', 'block')" title="Click to expand/collapse"><b>org.openqa.selenium.WebDriverException: obj.options is undefined<br/>
Command duration or timeout: 11 milliseconds<br/>
Build info: version: &apos;2.44.0&apos;, revision: &apos;76d78cf323ce037c5f92db6c1bba601c2ac43ad8&apos;, time: &apos;2014-10-23 13:11:40&apos;<br/>
System info: host: &apos;e6-56&apos;, ip: &apos;192.168.0.56&apos;, os.name: &apos;Windows 7&apos;, os.arch: &apos;amd64&apos;, os.version: &apos;6.1&apos;, java.version: &apos;1.7.0_65&apos;<br/>
Session ID: 5301c9c7-07e5-4746-b5a9-65c6bf0d326a<br/>
Driver info: org.openqa.selenium.firefox.FirefoxDriver<br/>
Capabilities [{platform=WINDOWS, acceptSslCerts=true, javascriptEnabled=true, cssSelectorsEnabled=true, databaseEnabled=true, browserName=firefox, handlesAlerts=true, nativeEvents=true, webStorageEnabled=true, rotatable=false, locationContextEnabled=true, applicationCacheEnabled=true, takesScreenshot=true, version=33.1}]</b></a><br />
    <div class="stackTrace" id="exception-0">
              sun.reflect.NativeConstructorAccessorImpl.newInstance0(Native Method)<br />
              sun.reflect.NativeConstructorAccessorImpl.newInstance(NativeConstructorAccessorImpl.java:57)<br />
              sun.reflect.DelegatingConstructorAccessorImpl.newInstance(DelegatingConstructorAccessorImpl.java:45)<br />
              java.lang.reflect.Constructor.newInstance(Constructor.java:526)<br />
              org.openqa.selenium.remote.ErrorHandler.createThrowable(ErrorHandler.java:204)<br />
              org.openqa.selenium.remote.ErrorHandler.throwIfResponseFailed(ErrorHandler.java:156)<br />
              org.openqa.selenium.remote.RemoteWebDriver.execute(RemoteWebDriver.java:599)<br />
              org.openqa.selenium.remote.RemoteWebDriver.executeScript(RemoteWebDriver.java:508)<br />
              sun.reflect.NativeMethodAccessorImpl.invoke0(Native Method)<br />
              sun.reflect.NativeMethodAccessorImpl.invoke(NativeMethodAccessorImpl.java:57)<br />
              sun.reflect.DelegatingMethodAccessorImpl.invoke(DelegatingMethodAccessorImpl.java:43)<br />
              java.lang.reflect.Method.invoke(Method.java:606)<br />
              org.openqa.selenium.support.events.EventFiringWebDriver$2.invoke(EventFiringWebDriver.java:101)<br />
              com.sun.proxy.$Proxy12.executeScript(Unknown Source)<br />
              org.openqa.selenium.support.events.EventFiringWebDriver.executeScript(EventFiringWebDriver.java:213)<br />
              crazy.seleiumTools.WebTools.runjs(WebTools.java:137)<br />
              crazy.seleiumTools.WebBasicPage.setSelectVaule(WebBasicPage.java:192)<br />
              yly.web.Page.LiChengBaoBiaoPage.selectReportType(LiChengBaoBiaoPage.java:29)<br />
              yly.web.testcase.tongjibaobiao.lichengbaobiao.LiChengBaoBiaoDay.liChengBaoBiaoDay(LiChengBaoBiaoDay.java:32)<br />
              sun.reflect.NativeMethodAccessorImpl.invoke0(Native Method)<br />
              sun.reflect.NativeMethodAccessorImpl.invoke(NativeMethodAccessorImpl.java:57)<br />
              sun.reflect.DelegatingMethodAccessorImpl.invoke(DelegatingMethodAccessorImpl.java:43)<br />
              java.lang.reflect.Method.invoke(Method.java:606)<br />
              org.testng.internal.MethodInvocationHelper.invokeMethod(MethodInvocationHelper.java:84)<br />
              org.testng.internal.Invoker.invokeMethod(Invoker.java:714)<br />
              org.testng.internal.Invoker.invokeTestMethod(Invoker.java:901)<br />
              org.testng.internal.Invoker.invokeTestMethods(Invoker.java:1231)<br />
              org.testng.internal.TestMethodWorker.invokeTestMethods(TestMethodWorker.java:127)<br />
              org.testng.internal.TestMethodWorker.run(TestMethodWorker.java:111)<br />
              org.testng.TestRunner.privateRun(TestRunner.java:767)<br />
              org.testng.TestRunner.run(TestRunner.java:617)<br />
              org.testng.SuiteRunner.runTest(SuiteRunner.java:334)<br />
              org.testng.SuiteRunner.runSequentially(SuiteRunner.java:329)<br />
              org.testng.SuiteRunner.privateRun(SuiteRunner.java:291)<br />
              org.testng.SuiteRunner.run(SuiteRunner.java:240)<br />
              org.testng.SuiteRunnerWorker.runSuite(SuiteRunnerWorker.java:52)<br />
              org.testng.SuiteRunnerWorker.run(SuiteRunnerWorker.java:86)<br />
              org.testng.TestNG.runSuitesSequentially(TestNG.java:1224)<br />
              org.testng.TestNG.runSuitesLocally(TestNG.java:1149)<br />
              org.testng.TestNG.run(TestNG.java:1057)<br />
              org.testng.remote.RemoteTestNG.run(RemoteTestNG.java:111)<br />
              org.testng.remote.RemoteTestNG.initAndRun(RemoteTestNG.java:204)<br />
              org.testng.remote.RemoteTestNG.main(RemoteTestNG.java:175)<br />
                    <b>Caused by: </b> <a href="javascript:toggleElement('exception-1', 'block')" title="Click to expand/collapse">org.openqa.selenium.WebDriverException: obj.options is undefined<br/>
Build info: version: &apos;2.44.0&apos;, revision: &apos;76d78cf323ce037c5f92db6c1bba601c2ac43ad8&apos;, time: &apos;2014-10-23 13:11:40&apos;<br/>
System info: host: &apos;e6-56&apos;, ip: &apos;192.168.0.56&apos;, os.name: &apos;Windows 7&apos;, os.arch: &apos;amd64&apos;, os.version: &apos;6.1&apos;, java.version: &apos;1.7.0_65&apos;<br/>
Driver info: driver.version: unknown</a><br />
        <div class="stackTrace" id="exception-1">
                      &lt;anonymous class&gt;.anonymous(http://webgis.e6gps.com/Report/Report/Report?id=OdometerCollectReport&amp;name=%E9%87%8C%E7%A8%8B%E6%8A%A5%E8%A1%A8&amp;pStr= line 68 &gt; Function:1:54)<br />
                      &lt;anonymous class&gt;.handleEvaluateEvent(http://webgis.e6gps.com/Report/Report/Report?id=OdometerCollectReport&amp;name=%E9%87%8C%E7%A8%8B%E6%8A%A5%E8%A1%A8&amp;pStr=:68:20)<br />
                  </div>
          </div>
      </td>
</tr>
          <tr>
        <td colspan="3" class="group">yly.web.testcase.tongjibaobiao.lichengbaobiao.LiChengBaoBiaoDetail</td>
      </tr>
             <tr  class="trcss2">
 
  <td class="method">
                  <span class="description" title="浙A0C766在2014年11月的里程明细查询">liChengBaoBiaoDetail</span><br/>   
      </td>
  
  
  <td class="duration">
    3.526s
  </td>
  
  
  <td class="result">
	      <span class="methodDescription" onclick="methodDescriptionclick('liChengBaoBiaoDetail')">浙A0C766在2014年11月的里程明细查询</span><br/>     
        
    
        
    
            <div id=liChengBaoBiaoDetail class="testOutput"  >
                        2014-12-10 11:48:22=&gt;移动鼠标到[统计报表]中心后点击，鼠标悬停，随后找到[里程报表]点击<br />
                                2014-12-10 11:48:23=&gt;跳转到新页面：易流云平台<br />
                                2014-12-10 11:48:23=&gt;New page title is:易流云平台<br />
                  </div>
    

        <a href="javascript:toggleElement('exception-2', 'block')" title="Click to expand/collapse"><b>org.openqa.selenium.WebDriverException: obj.options is undefined<br/>
Command duration or timeout: 10 milliseconds<br/>
Build info: version: &apos;2.44.0&apos;, revision: &apos;76d78cf323ce037c5f92db6c1bba601c2ac43ad8&apos;, time: &apos;2014-10-23 13:11:40&apos;<br/>
System info: host: &apos;e6-56&apos;, ip: &apos;192.168.0.56&apos;, os.name: &apos;Windows 7&apos;, os.arch: &apos;amd64&apos;, os.version: &apos;6.1&apos;, java.version: &apos;1.7.0_65&apos;<br/>
Session ID: 5301c9c7-07e5-4746-b5a9-65c6bf0d326a<br/>
Driver info: org.openqa.selenium.firefox.FirefoxDriver<br/>
Capabilities [{platform=WINDOWS, acceptSslCerts=true, javascriptEnabled=true, cssSelectorsEnabled=true, databaseEnabled=true, browserName=firefox, handlesAlerts=true, nativeEvents=true, webStorageEnabled=true, rotatable=false, locationContextEnabled=true, applicationCacheEnabled=true, takesScreenshot=true, version=33.1}]</b></a><br />
    <div class="stackTrace" id="exception-2">
              sun.reflect.NativeConstructorAccessorImpl.newInstance0(Native Method)<br />
              sun.reflect.NativeConstructorAccessorImpl.newInstance(NativeConstructorAccessorImpl.java:57)<br />
              sun.reflect.DelegatingConstructorAccessorImpl.newInstance(DelegatingConstructorAccessorImpl.java:45)<br />
              java.lang.reflect.Constructor.newInstance(Constructor.java:526)<br />
              org.openqa.selenium.remote.ErrorHandler.createThrowable(ErrorHandler.java:204)<br />
              org.openqa.selenium.remote.ErrorHandler.throwIfResponseFailed(ErrorHandler.java:156)<br />
              org.openqa.selenium.remote.RemoteWebDriver.execute(RemoteWebDriver.java:599)<br />
              org.openqa.selenium.remote.RemoteWebDriver.executeScript(RemoteWebDriver.java:508)<br />
              sun.reflect.GeneratedMethodAccessor28.invoke(Unknown Source)<br />
              sun.reflect.DelegatingMethodAccessorImpl.invoke(DelegatingMethodAccessorImpl.java:43)<br />
              java.lang.reflect.Method.invoke(Method.java:606)<br />
              org.openqa.selenium.support.events.EventFiringWebDriver$2.invoke(EventFiringWebDriver.java:101)<br />
              com.sun.proxy.$Proxy12.executeScript(Unknown Source)<br />
              org.openqa.selenium.support.events.EventFiringWebDriver.executeScript(EventFiringWebDriver.java:213)<br />
              crazy.seleiumTools.WebTools.runjs(WebTools.java:137)<br />
              crazy.seleiumTools.WebBasicPage.setSelectVaule(WebBasicPage.java:192)<br />
              yly.web.Page.LiChengBaoBiaoPage.selectReportType(LiChengBaoBiaoPage.java:29)<br />
              yly.web.testcase.tongjibaobiao.lichengbaobiao.LiChengBaoBiaoDetail.liChengBaoBiaoDetail(LiChengBaoBiaoDetail.java:35)<br />
              sun.reflect.NativeMethodAccessorImpl.invoke0(Native Method)<br />
              sun.reflect.NativeMethodAccessorImpl.invoke(NativeMethodAccessorImpl.java:57)<br />
              sun.reflect.DelegatingMethodAccessorImpl.invoke(DelegatingMethodAccessorImpl.java:43)<br />
              java.lang.reflect.Method.invoke(Method.java:606)<br />
              org.testng.internal.MethodInvocationHelper.invokeMethod(MethodInvocationHelper.java:84)<br />
              org.testng.internal.Invoker.invokeMethod(Invoker.java:714)<br />
              org.testng.internal.Invoker.invokeTestMethod(Invoker.java:901)<br />
              org.testng.internal.Invoker.invokeTestMethods(Invoker.java:1231)<br />
              org.testng.internal.TestMethodWorker.invokeTestMethods(TestMethodWorker.java:127)<br />
              org.testng.internal.TestMethodWorker.run(TestMethodWorker.java:111)<br />
              org.testng.TestRunner.privateRun(TestRunner.java:767)<br />
              org.testng.TestRunner.run(TestRunner.java:617)<br />
              org.testng.SuiteRunner.runTest(SuiteRunner.java:334)<br />
              org.testng.SuiteRunner.runSequentially(SuiteRunner.java:329)<br />
              org.testng.SuiteRunner.privateRun(SuiteRunner.java:291)<br />
              org.testng.SuiteRunner.run(SuiteRunner.java:240)<br />
              org.testng.SuiteRunnerWorker.runSuite(SuiteRunnerWorker.java:52)<br />
              org.testng.SuiteRunnerWorker.run(SuiteRunnerWorker.java:86)<br />
              org.testng.TestNG.runSuitesSequentially(TestNG.java:1224)<br />
              org.testng.TestNG.runSuitesLocally(TestNG.java:1149)<br />
              org.testng.TestNG.run(TestNG.java:1057)<br />
              org.testng.remote.RemoteTestNG.run(RemoteTestNG.java:111)<br />
              org.testng.remote.RemoteTestNG.initAndRun(RemoteTestNG.java:204)<br />
              org.testng.remote.RemoteTestNG.main(RemoteTestNG.java:175)<br />
                    <b>Caused by: </b> <a href="javascript:toggleElement('exception-3', 'block')" title="Click to expand/collapse">org.openqa.selenium.WebDriverException: obj.options is undefined<br/>
Build info: version: &apos;2.44.0&apos;, revision: &apos;76d78cf323ce037c5f92db6c1bba601c2ac43ad8&apos;, time: &apos;2014-10-23 13:11:40&apos;<br/>
System info: host: &apos;e6-56&apos;, ip: &apos;192.168.0.56&apos;, os.name: &apos;Windows 7&apos;, os.arch: &apos;amd64&apos;, os.version: &apos;6.1&apos;, java.version: &apos;1.7.0_65&apos;<br/>
Driver info: driver.version: unknown</a><br />
        <div class="stackTrace" id="exception-3">
                      &lt;anonymous class&gt;.anonymous(http://webgis.e6gps.com/Report/Report/Report?id=OdometerCollectReport&amp;name=%E9%87%8C%E7%A8%8B%E6%8A%A5%E8%A1%A8&amp;pStr= line 68 &gt; Function:1:54)<br />
                      &lt;anonymous class&gt;.handleEvaluateEvent(http://webgis.e6gps.com/Report/Report/Report?id=OdometerCollectReport&amp;name=%E9%87%8C%E7%A8%8B%E6%8A%A5%E8%A1%A8&amp;pStr=:68:20)<br />
                  </div>
          </div>
      </td>
</tr>
          <tr>
        <td colspan="3" class="group">yly.web.testcase.tongjibaobiao.lichengbaobiao.LiChengBaoBiaoMonth</td>
      </tr>
             <tr  class="trcss2">
 
  <td class="method">
                  <span class="description" title="浙A0C766在2014年11月的里程月报">liChengBaoBiaoMonth</span><br/>   
      </td>
  
  
  <td class="duration">
    3.689s
  </td>
  
  
  <td class="result">
	      <span class="methodDescription" onclick="methodDescriptionclick('liChengBaoBiaoMonth')">浙A0C766在2014年11月的里程月报</span><br/>     
        
    
        
    
            <div id=liChengBaoBiaoMonth class="testOutput"  >
                        2014-12-10 11:48:35=&gt;移动鼠标到[统计报表]中心后点击，鼠标悬停，随后找到[里程报表]点击<br />
                                2014-12-10 11:48:36=&gt;跳转到新页面：易流云平台<br />
                                2014-12-10 11:48:36=&gt;New page title is:易流云平台<br />
                  </div>
    

        <a href="javascript:toggleElement('exception-4', 'block')" title="Click to expand/collapse"><b>org.openqa.selenium.WebDriverException: obj.options is undefined<br/>
Command duration or timeout: 11 milliseconds<br/>
Build info: version: &apos;2.44.0&apos;, revision: &apos;76d78cf323ce037c5f92db6c1bba601c2ac43ad8&apos;, time: &apos;2014-10-23 13:11:40&apos;<br/>
System info: host: &apos;e6-56&apos;, ip: &apos;192.168.0.56&apos;, os.name: &apos;Windows 7&apos;, os.arch: &apos;amd64&apos;, os.version: &apos;6.1&apos;, java.version: &apos;1.7.0_65&apos;<br/>
Session ID: 5301c9c7-07e5-4746-b5a9-65c6bf0d326a<br/>
Driver info: org.openqa.selenium.firefox.FirefoxDriver<br/>
Capabilities [{platform=WINDOWS, acceptSslCerts=true, javascriptEnabled=true, cssSelectorsEnabled=true, databaseEnabled=true, browserName=firefox, handlesAlerts=true, nativeEvents=true, webStorageEnabled=true, rotatable=false, locationContextEnabled=true, applicationCacheEnabled=true, takesScreenshot=true, version=33.1}]</b></a><br />
    <div class="stackTrace" id="exception-4">
              sun.reflect.NativeConstructorAccessorImpl.newInstance0(Native Method)<br />
              sun.reflect.NativeConstructorAccessorImpl.newInstance(NativeConstructorAccessorImpl.java:57)<br />
              sun.reflect.DelegatingConstructorAccessorImpl.newInstance(DelegatingConstructorAccessorImpl.java:45)<br />
              java.lang.reflect.Constructor.newInstance(Constructor.java:526)<br />
              org.openqa.selenium.remote.ErrorHandler.createThrowable(ErrorHandler.java:204)<br />
              org.openqa.selenium.remote.ErrorHandler.throwIfResponseFailed(ErrorHandler.java:156)<br />
              org.openqa.selenium.remote.RemoteWebDriver.execute(RemoteWebDriver.java:599)<br />
              org.openqa.selenium.remote.RemoteWebDriver.executeScript(RemoteWebDriver.java:508)<br />
              sun.reflect.GeneratedMethodAccessor28.invoke(Unknown Source)<br />
              sun.reflect.DelegatingMethodAccessorImpl.invoke(DelegatingMethodAccessorImpl.java:43)<br />
              java.lang.reflect.Method.invoke(Method.java:606)<br />
              org.openqa.selenium.support.events.EventFiringWebDriver$2.invoke(EventFiringWebDriver.java:101)<br />
              com.sun.proxy.$Proxy12.executeScript(Unknown Source)<br />
              org.openqa.selenium.support.events.EventFiringWebDriver.executeScript(EventFiringWebDriver.java:213)<br />
              crazy.seleiumTools.WebTools.runjs(WebTools.java:137)<br />
              crazy.seleiumTools.WebBasicPage.setSelectVaule(WebBasicPage.java:192)<br />
              yly.web.Page.LiChengBaoBiaoPage.selectReportType(LiChengBaoBiaoPage.java:29)<br />
              yly.web.testcase.tongjibaobiao.lichengbaobiao.LiChengBaoBiaoMonth.liChengBaoBiaoMonth(LiChengBaoBiaoMonth.java:34)<br />
              sun.reflect.NativeMethodAccessorImpl.invoke0(Native Method)<br />
              sun.reflect.NativeMethodAccessorImpl.invoke(NativeMethodAccessorImpl.java:57)<br />
              sun.reflect.DelegatingMethodAccessorImpl.invoke(DelegatingMethodAccessorImpl.java:43)<br />
              java.lang.reflect.Method.invoke(Method.java:606)<br />
              org.testng.internal.MethodInvocationHelper.invokeMethod(MethodInvocationHelper.java:84)<br />
              org.testng.internal.Invoker.invokeMethod(Invoker.java:714)<br />
              org.testng.internal.Invoker.invokeTestMethod(Invoker.java:901)<br />
              org.testng.internal.Invoker.invokeTestMethods(Invoker.java:1231)<br />
              org.testng.internal.TestMethodWorker.invokeTestMethods(TestMethodWorker.java:127)<br />
              org.testng.internal.TestMethodWorker.run(TestMethodWorker.java:111)<br />
              org.testng.TestRunner.privateRun(TestRunner.java:767)<br />
              org.testng.TestRunner.run(TestRunner.java:617)<br />
              org.testng.SuiteRunner.runTest(SuiteRunner.java:334)<br />
              org.testng.SuiteRunner.runSequentially(SuiteRunner.java:329)<br />
              org.testng.SuiteRunner.privateRun(SuiteRunner.java:291)<br />
              org.testng.SuiteRunner.run(SuiteRunner.java:240)<br />
              org.testng.SuiteRunnerWorker.runSuite(SuiteRunnerWorker.java:52)<br />
              org.testng.SuiteRunnerWorker.run(SuiteRunnerWorker.java:86)<br />
              org.testng.TestNG.runSuitesSequentially(TestNG.java:1224)<br />
              org.testng.TestNG.runSuitesLocally(TestNG.java:1149)<br />
              org.testng.TestNG.run(TestNG.java:1057)<br />
              org.testng.remote.RemoteTestNG.run(RemoteTestNG.java:111)<br />
              org.testng.remote.RemoteTestNG.initAndRun(RemoteTestNG.java:204)<br />
              org.testng.remote.RemoteTestNG.main(RemoteTestNG.java:175)<br />
                    <b>Caused by: </b> <a href="javascript:toggleElement('exception-5', 'block')" title="Click to expand/collapse">org.openqa.selenium.WebDriverException: obj.options is undefined<br/>
Build info: version: &apos;2.44.0&apos;, revision: &apos;76d78cf323ce037c5f92db6c1bba601c2ac43ad8&apos;, time: &apos;2014-10-23 13:11:40&apos;<br/>
System info: host: &apos;e6-56&apos;, ip: &apos;192.168.0.56&apos;, os.name: &apos;Windows 7&apos;, os.arch: &apos;amd64&apos;, os.version: &apos;6.1&apos;, java.version: &apos;1.7.0_65&apos;<br/>
Driver info: driver.version: unknown</a><br />
        <div class="stackTrace" id="exception-5">
                      &lt;anonymous class&gt;.anonymous(http://webgis.e6gps.com/Report/Report/Report?id=OdometerCollectReport&amp;name=%E9%87%8C%E7%A8%8B%E6%8A%A5%E8%A1%A8&amp;pStr= line 68 &gt; Function:1:54)<br />
                      &lt;anonymous class&gt;.handleEvaluateEvent(http://webgis.e6gps.com/Report/Report/Report?id=OdometerCollectReport&amp;name=%E9%87%8C%E7%A8%8B%E6%8A%A5%E8%A1%A8&amp;pStr=:68:20)<br />
                  </div>
          </div>
      </td>
</tr>
          <tr>
        <td colspan="3" class="group">yly.web.testcase.tongjibaobiao.lichengbaobiao.LiChengBaoBiaoWeek</td>
      </tr>
             <tr  class="trcss2">
 
  <td class="method">
                  <span class="description" title="浙A0C766在2014年11月的里程周报">liChengBaoBiaoWeek</span><br/>   
      </td>
  
  
  <td class="duration">
    3.394s
  </td>
  
  
  <td class="result">
	      <span class="methodDescription" onclick="methodDescriptionclick('liChengBaoBiaoWeek')">浙A0C766在2014年11月的里程周报</span><br/>     
        
    
        
    
            <div id=liChengBaoBiaoWeek class="testOutput"  >
                        2014-12-10 11:48:42=&gt;移动鼠标到[统计报表]中心后点击，鼠标悬停，随后找到[里程报表]点击<br />
                                2014-12-10 11:48:43=&gt;跳转到新页面：易流云平台<br />
                                2014-12-10 11:48:43=&gt;New page title is:易流云平台<br />
                  </div>
    

        <a href="javascript:toggleElement('exception-6', 'block')" title="Click to expand/collapse"><b>org.openqa.selenium.WebDriverException: obj.options is undefined<br/>
Command duration or timeout: 11 milliseconds<br/>
Build info: version: &apos;2.44.0&apos;, revision: &apos;76d78cf323ce037c5f92db6c1bba601c2ac43ad8&apos;, time: &apos;2014-10-23 13:11:40&apos;<br/>
System info: host: &apos;e6-56&apos;, ip: &apos;192.168.0.56&apos;, os.name: &apos;Windows 7&apos;, os.arch: &apos;amd64&apos;, os.version: &apos;6.1&apos;, java.version: &apos;1.7.0_65&apos;<br/>
Session ID: 5301c9c7-07e5-4746-b5a9-65c6bf0d326a<br/>
Driver info: org.openqa.selenium.firefox.FirefoxDriver<br/>
Capabilities [{platform=WINDOWS, acceptSslCerts=true, javascriptEnabled=true, cssSelectorsEnabled=true, databaseEnabled=true, browserName=firefox, handlesAlerts=true, nativeEvents=true, webStorageEnabled=true, rotatable=false, locationContextEnabled=true, applicationCacheEnabled=true, takesScreenshot=true, version=33.1}]</b></a><br />
    <div class="stackTrace" id="exception-6">
              sun.reflect.NativeConstructorAccessorImpl.newInstance0(Native Method)<br />
              sun.reflect.NativeConstructorAccessorImpl.newInstance(NativeConstructorAccessorImpl.java:57)<br />
              sun.reflect.DelegatingConstructorAccessorImpl.newInstance(DelegatingConstructorAccessorImpl.java:45)<br />
              java.lang.reflect.Constructor.newInstance(Constructor.java:526)<br />
              org.openqa.selenium.remote.ErrorHandler.createThrowable(ErrorHandler.java:204)<br />
              org.openqa.selenium.remote.ErrorHandler.throwIfResponseFailed(ErrorHandler.java:156)<br />
              org.openqa.selenium.remote.RemoteWebDriver.execute(RemoteWebDriver.java:599)<br />
              org.openqa.selenium.remote.RemoteWebDriver.executeScript(RemoteWebDriver.java:508)<br />
              sun.reflect.GeneratedMethodAccessor28.invoke(Unknown Source)<br />
              sun.reflect.DelegatingMethodAccessorImpl.invoke(DelegatingMethodAccessorImpl.java:43)<br />
              java.lang.reflect.Method.invoke(Method.java:606)<br />
              org.openqa.selenium.support.events.EventFiringWebDriver$2.invoke(EventFiringWebDriver.java:101)<br />
              com.sun.proxy.$Proxy12.executeScript(Unknown Source)<br />
              org.openqa.selenium.support.events.EventFiringWebDriver.executeScript(EventFiringWebDriver.java:213)<br />
              crazy.seleiumTools.WebTools.runjs(WebTools.java:137)<br />
              crazy.seleiumTools.WebBasicPage.setSelectVaule(WebBasicPage.java:192)<br />
              yly.web.Page.LiChengBaoBiaoPage.selectReportType(LiChengBaoBiaoPage.java:29)<br />
              yly.web.testcase.tongjibaobiao.lichengbaobiao.LiChengBaoBiaoWeek.liChengBaoBiaoWeek(LiChengBaoBiaoWeek.java:33)<br />
              sun.reflect.NativeMethodAccessorImpl.invoke0(Native Method)<br />
              sun.reflect.NativeMethodAccessorImpl.invoke(NativeMethodAccessorImpl.java:57)<br />
              sun.reflect.DelegatingMethodAccessorImpl.invoke(DelegatingMethodAccessorImpl.java:43)<br />
              java.lang.reflect.Method.invoke(Method.java:606)<br />
              org.testng.internal.MethodInvocationHelper.invokeMethod(MethodInvocationHelper.java:84)<br />
              org.testng.internal.Invoker.invokeMethod(Invoker.java:714)<br />
              org.testng.internal.Invoker.invokeTestMethod(Invoker.java:901)<br />
              org.testng.internal.Invoker.invokeTestMethods(Invoker.java:1231)<br />
              org.testng.internal.TestMethodWorker.invokeTestMethods(TestMethodWorker.java:127)<br />
              org.testng.internal.TestMethodWorker.run(TestMethodWorker.java:111)<br />
              org.testng.TestRunner.privateRun(TestRunner.java:767)<br />
              org.testng.TestRunner.run(TestRunner.java:617)<br />
              org.testng.SuiteRunner.runTest(SuiteRunner.java:334)<br />
              org.testng.SuiteRunner.runSequentially(SuiteRunner.java:329)<br />
              org.testng.SuiteRunner.privateRun(SuiteRunner.java:291)<br />
              org.testng.SuiteRunner.run(SuiteRunner.java:240)<br />
              org.testng.SuiteRunnerWorker.runSuite(SuiteRunnerWorker.java:52)<br />
              org.testng.SuiteRunnerWorker.run(SuiteRunnerWorker.java:86)<br />
              org.testng.TestNG.runSuitesSequentially(TestNG.java:1224)<br />
              org.testng.TestNG.runSuitesLocally(TestNG.java:1149)<br />
              org.testng.TestNG.run(TestNG.java:1057)<br />
              org.testng.remote.RemoteTestNG.run(RemoteTestNG.java:111)<br />
              org.testng.remote.RemoteTestNG.initAndRun(RemoteTestNG.java:204)<br />
              org.testng.remote.RemoteTestNG.main(RemoteTestNG.java:175)<br />
                    <b>Caused by: </b> <a href="javascript:toggleElement('exception-7', 'block')" title="Click to expand/collapse">org.openqa.selenium.WebDriverException: obj.options is undefined<br/>
Build info: version: &apos;2.44.0&apos;, revision: &apos;76d78cf323ce037c5f92db6c1bba601c2ac43ad8&apos;, time: &apos;2014-10-23 13:11:40&apos;<br/>
System info: host: &apos;e6-56&apos;, ip: &apos;192.168.0.56&apos;, os.name: &apos;Windows 7&apos;, os.arch: &apos;amd64&apos;, os.version: &apos;6.1&apos;, java.version: &apos;1.7.0_65&apos;<br/>
Driver info: driver.version: unknown</a><br />
        <div class="stackTrace" id="exception-7">
                      &lt;anonymous class&gt;.anonymous(http://webgis.e6gps.com/Report/Report/Report?id=OdometerCollectReport&amp;name=%E9%87%8C%E7%A8%8B%E6%8A%A5%E8%A1%A8&amp;pStr= line 68 &gt; Function:1:54)<br />
                      &lt;anonymous class&gt;.handleEvaluateEvent(http://webgis.e6gps.com/Report/Report/Report?id=OdometerCollectReport&amp;name=%E9%87%8C%E7%A8%8B%E6%8A%A5%E8%A1%A8&amp;pStr=:68:20)<br />
                  </div>
          </div>
      </td>
</tr>
          <tr>
        <td colspan="3" class="group">yly.web.testcase.tongjibaobiao.quYuJinChuTongJiQuYuHuiZong.QuYuJinChuTongJiQuYuHuiZongOtherTest</td>
      </tr>
             <tr  class="trcss2">
 
  <td class="method">
                  <span class="description" title="区域进出统计区域汇总自定义时间-任意一个区域-停车时长3000分钟查询">AnyTimeAndAnyArea</span><br/>   
      </td>
  
  
  <td class="duration">
    5.252s
  </td>
  
  
  <td class="result">
	      <span class="methodDescription" onclick="methodDescriptionclick('AnyTimeAndAnyArea')">区域进出统计区域汇总自定义时间-任意一个区域-停车时长3000分钟查询</span><br/>     
        
    
        
    
            <div id=AnyTimeAndAnyArea class="testOutput"  >
                        2014-12-10 11:48:13=&gt;移动鼠标到[统计报表]中心后点击，鼠标悬停，随后找到[区域进出统计区域汇总]点击<br />
                                2014-12-10 11:48:14=&gt;跳转到新页面：易流云平台<br />
                                2014-12-10 11:48:17=&gt;New page title is:易流云平台<br />
                  </div>
    

        <a href="javascript:toggleElement('exception-8', 'block')" title="Click to expand/collapse"><b>java.lang.NullPointerException</b></a><br />
    <div class="stackTrace" id="exception-8">
              org.openqa.selenium.support.ui.Select.&lt;init&gt;(Select.java:43)<br />
              crazy.seleiumTools.WebTools.getDrop_DownList(WebTools.java:266)<br />
              crazy.seleiumTools.WebBasicPage.getDrop_DownList(WebBasicPage.java:176)<br />
              crazy.seleiumTools.WebBasicPage.setSelectVaule(WebBasicPage.java:184)<br />
              yly.web.Page.TongJiBaoBiaoPage.selectTime(TongJiBaoBiaoPage.java:373)<br />
              yly.web.testcase.tongjibaobiao.quYuJinChuTongJiQuYuHuiZong.QuYuJinChuTongJiQuYuHuiZongOtherTest.AnyTimeAndAnyArea(QuYuJinChuTongJiQuYuHuiZongOtherTest.java:19)<br />
              sun.reflect.NativeMethodAccessorImpl.invoke0(Native Method)<br />
              sun.reflect.NativeMethodAccessorImpl.invoke(NativeMethodAccessorImpl.java:57)<br />
              sun.reflect.DelegatingMethodAccessorImpl.invoke(DelegatingMethodAccessorImpl.java:43)<br />
              java.lang.reflect.Method.invoke(Method.java:606)<br />
              org.testng.internal.MethodInvocationHelper.invokeMethod(MethodInvocationHelper.java:84)<br />
              org.testng.internal.Invoker.invokeMethod(Invoker.java:714)<br />
              org.testng.internal.Invoker.invokeTestMethod(Invoker.java:901)<br />
              org.testng.internal.Invoker.invokeTestMethods(Invoker.java:1231)<br />
              org.testng.internal.TestMethodWorker.invokeTestMethods(TestMethodWorker.java:127)<br />
              org.testng.internal.TestMethodWorker.run(TestMethodWorker.java:111)<br />
              org.testng.TestRunner.privateRun(TestRunner.java:767)<br />
              org.testng.TestRunner.run(TestRunner.java:617)<br />
              org.testng.SuiteRunner.runTest(SuiteRunner.java:334)<br />
              org.testng.SuiteRunner.runSequentially(SuiteRunner.java:329)<br />
              org.testng.SuiteRunner.privateRun(SuiteRunner.java:291)<br />
              org.testng.SuiteRunner.run(SuiteRunner.java:240)<br />
              org.testng.SuiteRunnerWorker.runSuite(SuiteRunnerWorker.java:52)<br />
              org.testng.SuiteRunnerWorker.run(SuiteRunnerWorker.java:86)<br />
              org.testng.TestNG.runSuitesSequentially(TestNG.java:1224)<br />
              org.testng.TestNG.runSuitesLocally(TestNG.java:1149)<br />
              org.testng.TestNG.run(TestNG.java:1057)<br />
              org.testng.remote.RemoteTestNG.run(RemoteTestNG.java:111)<br />
              org.testng.remote.RemoteTestNG.initAndRun(RemoteTestNG.java:204)<br />
              org.testng.remote.RemoteTestNG.main(RemoteTestNG.java:175)<br />
                </div>
      </td>
</tr>
          <tr>
        <td colspan="3" class="group">yly.web.testcase.tongjibaobiao.quYuJinChuTongJiQuYuHuiZong.QuYuJinChuTongJiQuYuHuiZongTimeTest</td>
      </tr>
             <tr  class="trcss2">
 
  <td class="method">
                  <span class="description" title="区域进出统计区域汇总自定义时间查询">AnyTime</span><br/>   
      </td>
  
  
  <td class="duration">
    0.325s
  </td>
  
  
  <td class="result">
	      <span class="methodDescription" onclick="methodDescriptionclick('AnyTime')">区域进出统计区域汇总自定义时间查询</span><br/>     
        
    
        
    
        

        <a href="javascript:toggleElement('exception-9', 'block')" title="Click to expand/collapse"><b>org.openqa.selenium.WebDriverException: obj.options is undefined<br/>
Command duration or timeout: 10 milliseconds<br/>
Build info: version: &apos;2.44.0&apos;, revision: &apos;76d78cf323ce037c5f92db6c1bba601c2ac43ad8&apos;, time: &apos;2014-10-23 13:11:40&apos;<br/>
System info: host: &apos;e6-56&apos;, ip: &apos;192.168.0.56&apos;, os.name: &apos;Windows 7&apos;, os.arch: &apos;amd64&apos;, os.version: &apos;6.1&apos;, java.version: &apos;1.7.0_65&apos;<br/>
Session ID: 5301c9c7-07e5-4746-b5a9-65c6bf0d326a<br/>
Driver info: org.openqa.selenium.firefox.FirefoxDriver<br/>
Capabilities [{platform=WINDOWS, acceptSslCerts=true, javascriptEnabled=true, cssSelectorsEnabled=true, databaseEnabled=true, browserName=firefox, handlesAlerts=true, nativeEvents=true, webStorageEnabled=true, rotatable=false, locationContextEnabled=true, applicationCacheEnabled=true, takesScreenshot=true, version=33.1}]</b></a><br />
    <div class="stackTrace" id="exception-9">
              sun.reflect.NativeConstructorAccessorImpl.newInstance0(Native Method)<br />
              sun.reflect.NativeConstructorAccessorImpl.newInstance(NativeConstructorAccessorImpl.java:57)<br />
              sun.reflect.DelegatingConstructorAccessorImpl.newInstance(DelegatingConstructorAccessorImpl.java:45)<br />
              java.lang.reflect.Constructor.newInstance(Constructor.java:526)<br />
              org.openqa.selenium.remote.ErrorHandler.createThrowable(ErrorHandler.java:204)<br />
              org.openqa.selenium.remote.ErrorHandler.throwIfResponseFailed(ErrorHandler.java:156)<br />
              org.openqa.selenium.remote.RemoteWebDriver.execute(RemoteWebDriver.java:599)<br />
              org.openqa.selenium.remote.RemoteWebDriver.executeScript(RemoteWebDriver.java:508)<br />
              sun.reflect.GeneratedMethodAccessor28.invoke(Unknown Source)<br />
              sun.reflect.DelegatingMethodAccessorImpl.invoke(DelegatingMethodAccessorImpl.java:43)<br />
              java.lang.reflect.Method.invoke(Method.java:606)<br />
              org.openqa.selenium.support.events.EventFiringWebDriver$2.invoke(EventFiringWebDriver.java:101)<br />
              com.sun.proxy.$Proxy12.executeScript(Unknown Source)<br />
              org.openqa.selenium.support.events.EventFiringWebDriver.executeScript(EventFiringWebDriver.java:213)<br />
              crazy.seleiumTools.WebTools.runjs(WebTools.java:137)<br />
              crazy.seleiumTools.WebBasicPage.setSelectVaule(WebBasicPage.java:192)<br />
              yly.web.Page.TongJiBaoBiaoPage.selectTime(TongJiBaoBiaoPage.java:373)<br />
              yly.web.testcase.tongjibaobiao.quYuJinChuTongJiQuYuHuiZong.QuYuJinChuTongJiQuYuHuiZongTimeTest.AnyTime(QuYuJinChuTongJiQuYuHuiZongTimeTest.java:22)<br />
              sun.reflect.NativeMethodAccessorImpl.invoke0(Native Method)<br />
              sun.reflect.NativeMethodAccessorImpl.invoke(NativeMethodAccessorImpl.java:57)<br />
              sun.reflect.DelegatingMethodAccessorImpl.invoke(DelegatingMethodAccessorImpl.java:43)<br />
              java.lang.reflect.Method.invoke(Method.java:606)<br />
              org.testng.internal.MethodInvocationHelper.invokeMethod(MethodInvocationHelper.java:84)<br />
              org.testng.internal.Invoker.invokeMethod(Invoker.java:714)<br />
              org.testng.internal.Invoker.invokeTestMethod(Invoker.java:901)<br />
              org.testng.internal.Invoker.invokeTestMethods(Invoker.java:1231)<br />
              org.testng.internal.TestMethodWorker.invokeTestMethods(TestMethodWorker.java:127)<br />
              org.testng.internal.TestMethodWorker.run(TestMethodWorker.java:111)<br />
              org.testng.TestRunner.privateRun(TestRunner.java:767)<br />
              org.testng.TestRunner.run(TestRunner.java:617)<br />
              org.testng.SuiteRunner.runTest(SuiteRunner.java:334)<br />
              org.testng.SuiteRunner.runSequentially(SuiteRunner.java:329)<br />
              org.testng.SuiteRunner.privateRun(SuiteRunner.java:291)<br />
              org.testng.SuiteRunner.run(SuiteRunner.java:240)<br />
              org.testng.SuiteRunnerWorker.runSuite(SuiteRunnerWorker.java:52)<br />
              org.testng.SuiteRunnerWorker.run(SuiteRunnerWorker.java:86)<br />
              org.testng.TestNG.runSuitesSequentially(TestNG.java:1224)<br />
              org.testng.TestNG.runSuitesLocally(TestNG.java:1149)<br />
              org.testng.TestNG.run(TestNG.java:1057)<br />
              org.testng.remote.RemoteTestNG.run(RemoteTestNG.java:111)<br />
              org.testng.remote.RemoteTestNG.initAndRun(RemoteTestNG.java:204)<br />
              org.testng.remote.RemoteTestNG.main(RemoteTestNG.java:175)<br />
                    <b>Caused by: </b> <a href="javascript:toggleElement('exception-10', 'block')" title="Click to expand/collapse">org.openqa.selenium.WebDriverException: obj.options is undefined<br/>
Build info: version: &apos;2.44.0&apos;, revision: &apos;76d78cf323ce037c5f92db6c1bba601c2ac43ad8&apos;, time: &apos;2014-10-23 13:11:40&apos;<br/>
System info: host: &apos;e6-56&apos;, ip: &apos;192.168.0.56&apos;, os.name: &apos;Windows 7&apos;, os.arch: &apos;amd64&apos;, os.version: &apos;6.1&apos;, java.version: &apos;1.7.0_65&apos;<br/>
Driver info: driver.version: unknown</a><br />
        <div class="stackTrace" id="exception-10">
                      &lt;anonymous class&gt;.anonymous(http://webgis.e6gps.com/Report/Report/Report?id=AreaOutAndInReport&amp;name=%E5%8C%BA%E5%9F%9F%E8%BF%9B%E5%87%BA%E7%BB%9F%E8%AE%A1%E5%8C%BA%E5%9F%9F%E6%B1%87%E6%80%BB&amp;pStr= line 68 &gt; Function:1:54)<br />
                      &lt;anonymous class&gt;.handleEvaluateEvent(http://webgis.e6gps.com/Report/Report/Report?id=AreaOutAndInReport&amp;name=%E5%8C%BA%E5%9F%9F%E8%BF%9B%E5%87%BA%E7%BB%9F%E8%AE%A1%E5%8C%BA%E5%9F%9F%E6%B1%87%E6%80%BB&amp;pStr=:68:20)<br />
                  </div>
          </div>
      </td>
</tr>
 <tr  class="trcss1">
 
  <td class="method">
                  <span class="description" title="区域进出统计区域汇总（今天）查询">Today</span><br/>   
      </td>
  
  
  <td class="duration">
    0.598s
  </td>
  
  
  <td class="result">
	      <span class="methodDescription" onclick="methodDescriptionclick('Today')">区域进出统计区域汇总（今天）查询</span><br/>     
        
    
        
    
        

        <a href="javascript:toggleElement('exception-11', 'block')" title="Click to expand/collapse"><b>org.openqa.selenium.WebDriverException: obj.options is undefined<br/>
Command duration or timeout: 9 milliseconds<br/>
Build info: version: &apos;2.44.0&apos;, revision: &apos;76d78cf323ce037c5f92db6c1bba601c2ac43ad8&apos;, time: &apos;2014-10-23 13:11:40&apos;<br/>
System info: host: &apos;e6-56&apos;, ip: &apos;192.168.0.56&apos;, os.name: &apos;Windows 7&apos;, os.arch: &apos;amd64&apos;, os.version: &apos;6.1&apos;, java.version: &apos;1.7.0_65&apos;<br/>
Session ID: 5301c9c7-07e5-4746-b5a9-65c6bf0d326a<br/>
Driver info: org.openqa.selenium.firefox.FirefoxDriver<br/>
Capabilities [{platform=WINDOWS, acceptSslCerts=true, javascriptEnabled=true, cssSelectorsEnabled=true, databaseEnabled=true, browserName=firefox, handlesAlerts=true, nativeEvents=true, webStorageEnabled=true, rotatable=false, locationContextEnabled=true, applicationCacheEnabled=true, takesScreenshot=true, version=33.1}]</b></a><br />
    <div class="stackTrace" id="exception-11">
              sun.reflect.NativeConstructorAccessorImpl.newInstance0(Native Method)<br />
              sun.reflect.NativeConstructorAccessorImpl.newInstance(NativeConstructorAccessorImpl.java:57)<br />
              sun.reflect.DelegatingConstructorAccessorImpl.newInstance(DelegatingConstructorAccessorImpl.java:45)<br />
              java.lang.reflect.Constructor.newInstance(Constructor.java:526)<br />
              org.openqa.selenium.remote.ErrorHandler.createThrowable(ErrorHandler.java:204)<br />
              org.openqa.selenium.remote.ErrorHandler.throwIfResponseFailed(ErrorHandler.java:156)<br />
              org.openqa.selenium.remote.RemoteWebDriver.execute(RemoteWebDriver.java:599)<br />
              org.openqa.selenium.remote.RemoteWebDriver.executeScript(RemoteWebDriver.java:508)<br />
              sun.reflect.GeneratedMethodAccessor28.invoke(Unknown Source)<br />
              sun.reflect.DelegatingMethodAccessorImpl.invoke(DelegatingMethodAccessorImpl.java:43)<br />
              java.lang.reflect.Method.invoke(Method.java:606)<br />
              org.openqa.selenium.support.events.EventFiringWebDriver$2.invoke(EventFiringWebDriver.java:101)<br />
              com.sun.proxy.$Proxy12.executeScript(Unknown Source)<br />
              org.openqa.selenium.support.events.EventFiringWebDriver.executeScript(EventFiringWebDriver.java:213)<br />
              crazy.seleiumTools.WebTools.runjs(WebTools.java:137)<br />
              crazy.seleiumTools.WebBasicPage.setSelectVaule(WebBasicPage.java:192)<br />
              yly.web.Page.TongJiBaoBiaoPage.selectTime(TongJiBaoBiaoPage.java:373)<br />
              yly.web.testcase.tongjibaobiao.quYuJinChuTongJiQuYuHuiZong.QuYuJinChuTongJiQuYuHuiZongTimeTest.Today(QuYuJinChuTongJiQuYuHuiZongTimeTest.java:29)<br />
              sun.reflect.NativeMethodAccessorImpl.invoke0(Native Method)<br />
              sun.reflect.NativeMethodAccessorImpl.invoke(NativeMethodAccessorImpl.java:57)<br />
              sun.reflect.DelegatingMethodAccessorImpl.invoke(DelegatingMethodAccessorImpl.java:43)<br />
              java.lang.reflect.Method.invoke(Method.java:606)<br />
              org.testng.internal.MethodInvocationHelper.invokeMethod(MethodInvocationHelper.java:84)<br />
              org.testng.internal.Invoker.invokeMethod(Invoker.java:714)<br />
              org.testng.internal.Invoker.invokeTestMethod(Invoker.java:901)<br />
              org.testng.internal.Invoker.invokeTestMethods(Invoker.java:1231)<br />
              org.testng.internal.TestMethodWorker.invokeTestMethods(TestMethodWorker.java:127)<br />
              org.testng.internal.TestMethodWorker.run(TestMethodWorker.java:111)<br />
              org.testng.TestRunner.privateRun(TestRunner.java:767)<br />
              org.testng.TestRunner.run(TestRunner.java:617)<br />
              org.testng.SuiteRunner.runTest(SuiteRunner.java:334)<br />
              org.testng.SuiteRunner.runSequentially(SuiteRunner.java:329)<br />
              org.testng.SuiteRunner.privateRun(SuiteRunner.java:291)<br />
              org.testng.SuiteRunner.run(SuiteRunner.java:240)<br />
              org.testng.SuiteRunnerWorker.runSuite(SuiteRunnerWorker.java:52)<br />
              org.testng.SuiteRunnerWorker.run(SuiteRunnerWorker.java:86)<br />
              org.testng.TestNG.runSuitesSequentially(TestNG.java:1224)<br />
              org.testng.TestNG.runSuitesLocally(TestNG.java:1149)<br />
              org.testng.TestNG.run(TestNG.java:1057)<br />
              org.testng.remote.RemoteTestNG.run(RemoteTestNG.java:111)<br />
              org.testng.remote.RemoteTestNG.initAndRun(RemoteTestNG.java:204)<br />
              org.testng.remote.RemoteTestNG.main(RemoteTestNG.java:175)<br />
                    <b>Caused by: </b> <a href="javascript:toggleElement('exception-12', 'block')" title="Click to expand/collapse">org.openqa.selenium.WebDriverException: obj.options is undefined<br/>
Build info: version: &apos;2.44.0&apos;, revision: &apos;76d78cf323ce037c5f92db6c1bba601c2ac43ad8&apos;, time: &apos;2014-10-23 13:11:40&apos;<br/>
System info: host: &apos;e6-56&apos;, ip: &apos;192.168.0.56&apos;, os.name: &apos;Windows 7&apos;, os.arch: &apos;amd64&apos;, os.version: &apos;6.1&apos;, java.version: &apos;1.7.0_65&apos;<br/>
Driver info: driver.version: unknown</a><br />
        <div class="stackTrace" id="exception-12">
                      &lt;anonymous class&gt;.anonymous(http://webgis.e6gps.com/Report/Report/Report?id=AreaOutAndInReport&amp;name=%E5%8C%BA%E5%9F%9F%E8%BF%9B%E5%87%BA%E7%BB%9F%E8%AE%A1%E5%8C%BA%E5%9F%9F%E6%B1%87%E6%80%BB&amp;pStr= line 68 &gt; Function:1:54)<br />
                      &lt;anonymous class&gt;.handleEvaluateEvent(http://webgis.e6gps.com/Report/Report/Report?id=AreaOutAndInReport&amp;name=%E5%8C%BA%E5%9F%9F%E8%BF%9B%E5%87%BA%E7%BB%9F%E8%AE%A1%E5%8C%BA%E5%9F%9F%E6%B1%87%E6%80%BB&amp;pStr=:68:20)<br />
                  </div>
          </div>
      </td>
</tr>
 <tr  class="trcss2">
 
  <td class="method">
                  <span class="description" title="区域进出统计区域汇总（近2天）查询">recent2days</span><br/>   
      </td>
  
  
  <td class="duration">
    0.440s
  </td>
  
  
  <td class="result">
	      <span class="methodDescription" onclick="methodDescriptionclick('recent2days')">区域进出统计区域汇总（近2天）查询</span><br/>     
        
    
        
    
        

        <a href="javascript:toggleElement('exception-13', 'block')" title="Click to expand/collapse"><b>org.openqa.selenium.WebDriverException: obj.options is undefined<br/>
Command duration or timeout: 8 milliseconds<br/>
Build info: version: &apos;2.44.0&apos;, revision: &apos;76d78cf323ce037c5f92db6c1bba601c2ac43ad8&apos;, time: &apos;2014-10-23 13:11:40&apos;<br/>
System info: host: &apos;e6-56&apos;, ip: &apos;192.168.0.56&apos;, os.name: &apos;Windows 7&apos;, os.arch: &apos;amd64&apos;, os.version: &apos;6.1&apos;, java.version: &apos;1.7.0_65&apos;<br/>
Session ID: 5301c9c7-07e5-4746-b5a9-65c6bf0d326a<br/>
Driver info: org.openqa.selenium.firefox.FirefoxDriver<br/>
Capabilities [{platform=WINDOWS, acceptSslCerts=true, javascriptEnabled=true, cssSelectorsEnabled=true, databaseEnabled=true, browserName=firefox, handlesAlerts=true, nativeEvents=true, webStorageEnabled=true, rotatable=false, locationContextEnabled=true, applicationCacheEnabled=true, takesScreenshot=true, version=33.1}]</b></a><br />
    <div class="stackTrace" id="exception-13">
              sun.reflect.NativeConstructorAccessorImpl.newInstance0(Native Method)<br />
              sun.reflect.NativeConstructorAccessorImpl.newInstance(NativeConstructorAccessorImpl.java:57)<br />
              sun.reflect.DelegatingConstructorAccessorImpl.newInstance(DelegatingConstructorAccessorImpl.java:45)<br />
              java.lang.reflect.Constructor.newInstance(Constructor.java:526)<br />
              org.openqa.selenium.remote.ErrorHandler.createThrowable(ErrorHandler.java:204)<br />
              org.openqa.selenium.remote.ErrorHandler.throwIfResponseFailed(ErrorHandler.java:156)<br />
              org.openqa.selenium.remote.RemoteWebDriver.execute(RemoteWebDriver.java:599)<br />
              org.openqa.selenium.remote.RemoteWebDriver.executeScript(RemoteWebDriver.java:508)<br />
              sun.reflect.GeneratedMethodAccessor28.invoke(Unknown Source)<br />
              sun.reflect.DelegatingMethodAccessorImpl.invoke(DelegatingMethodAccessorImpl.java:43)<br />
              java.lang.reflect.Method.invoke(Method.java:606)<br />
              org.openqa.selenium.support.events.EventFiringWebDriver$2.invoke(EventFiringWebDriver.java:101)<br />
              com.sun.proxy.$Proxy12.executeScript(Unknown Source)<br />
              org.openqa.selenium.support.events.EventFiringWebDriver.executeScript(EventFiringWebDriver.java:213)<br />
              crazy.seleiumTools.WebTools.runjs(WebTools.java:137)<br />
              crazy.seleiumTools.WebBasicPage.setSelectVaule(WebBasicPage.java:192)<br />
              yly.web.Page.TongJiBaoBiaoPage.selectTime(TongJiBaoBiaoPage.java:373)<br />
              yly.web.testcase.tongjibaobiao.quYuJinChuTongJiQuYuHuiZong.QuYuJinChuTongJiQuYuHuiZongTimeTest.recent2days(QuYuJinChuTongJiQuYuHuiZongTimeTest.java:41)<br />
              sun.reflect.NativeMethodAccessorImpl.invoke0(Native Method)<br />
              sun.reflect.NativeMethodAccessorImpl.invoke(NativeMethodAccessorImpl.java:57)<br />
              sun.reflect.DelegatingMethodAccessorImpl.invoke(DelegatingMethodAccessorImpl.java:43)<br />
              java.lang.reflect.Method.invoke(Method.java:606)<br />
              org.testng.internal.MethodInvocationHelper.invokeMethod(MethodInvocationHelper.java:84)<br />
              org.testng.internal.Invoker.invokeMethod(Invoker.java:714)<br />
              org.testng.internal.Invoker.invokeTestMethod(Invoker.java:901)<br />
              org.testng.internal.Invoker.invokeTestMethods(Invoker.java:1231)<br />
              org.testng.internal.TestMethodWorker.invokeTestMethods(TestMethodWorker.java:127)<br />
              org.testng.internal.TestMethodWorker.run(TestMethodWorker.java:111)<br />
              org.testng.TestRunner.privateRun(TestRunner.java:767)<br />
              org.testng.TestRunner.run(TestRunner.java:617)<br />
              org.testng.SuiteRunner.runTest(SuiteRunner.java:334)<br />
              org.testng.SuiteRunner.runSequentially(SuiteRunner.java:329)<br />
              org.testng.SuiteRunner.privateRun(SuiteRunner.java:291)<br />
              org.testng.SuiteRunner.run(SuiteRunner.java:240)<br />
              org.testng.SuiteRunnerWorker.runSuite(SuiteRunnerWorker.java:52)<br />
              org.testng.SuiteRunnerWorker.run(SuiteRunnerWorker.java:86)<br />
              org.testng.TestNG.runSuitesSequentially(TestNG.java:1224)<br />
              org.testng.TestNG.runSuitesLocally(TestNG.java:1149)<br />
              org.testng.TestNG.run(TestNG.java:1057)<br />
              org.testng.remote.RemoteTestNG.run(RemoteTestNG.java:111)<br />
              org.testng.remote.RemoteTestNG.initAndRun(RemoteTestNG.java:204)<br />
              org.testng.remote.RemoteTestNG.main(RemoteTestNG.java:175)<br />
                    <b>Caused by: </b> <a href="javascript:toggleElement('exception-14', 'block')" title="Click to expand/collapse">org.openqa.selenium.WebDriverException: obj.options is undefined<br/>
Build info: version: &apos;2.44.0&apos;, revision: &apos;76d78cf323ce037c5f92db6c1bba601c2ac43ad8&apos;, time: &apos;2014-10-23 13:11:40&apos;<br/>
System info: host: &apos;e6-56&apos;, ip: &apos;192.168.0.56&apos;, os.name: &apos;Windows 7&apos;, os.arch: &apos;amd64&apos;, os.version: &apos;6.1&apos;, java.version: &apos;1.7.0_65&apos;<br/>
Driver info: driver.version: unknown</a><br />
        <div class="stackTrace" id="exception-14">
                      &lt;anonymous class&gt;.anonymous(http://webgis.e6gps.com/Report/Report/Report?id=AreaOutAndInReport&amp;name=%E5%8C%BA%E5%9F%9F%E8%BF%9B%E5%87%BA%E7%BB%9F%E8%AE%A1%E5%8C%BA%E5%9F%9F%E6%B1%87%E6%80%BB&amp;pStr= line 68 &gt; Function:1:54)<br />
                      &lt;anonymous class&gt;.handleEvaluateEvent(http://webgis.e6gps.com/Report/Report/Report?id=AreaOutAndInReport&amp;name=%E5%8C%BA%E5%9F%9F%E8%BF%9B%E5%87%BA%E7%BB%9F%E8%AE%A1%E5%8C%BA%E5%9F%9F%E6%B1%87%E6%80%BB&amp;pStr=:68:20)<br />
                  </div>
          </div>
      </td>
</tr>
 <tr  class="trcss1">
 
  <td class="method">
                  <span class="description" title="区域进出统计区域汇总（近30天）查询">recent30days</span><br/>   
      </td>
  
  
  <td class="duration">
    0.407s
  </td>
  
  
  <td class="result">
	      <span class="methodDescription" onclick="methodDescriptionclick('recent30days')">区域进出统计区域汇总（近30天）查询</span><br/>     
        
    
        
    
        

        <a href="javascript:toggleElement('exception-15', 'block')" title="Click to expand/collapse"><b>org.openqa.selenium.WebDriverException: obj.options is undefined<br/>
Command duration or timeout: 9 milliseconds<br/>
Build info: version: &apos;2.44.0&apos;, revision: &apos;76d78cf323ce037c5f92db6c1bba601c2ac43ad8&apos;, time: &apos;2014-10-23 13:11:40&apos;<br/>
System info: host: &apos;e6-56&apos;, ip: &apos;192.168.0.56&apos;, os.name: &apos;Windows 7&apos;, os.arch: &apos;amd64&apos;, os.version: &apos;6.1&apos;, java.version: &apos;1.7.0_65&apos;<br/>
Session ID: 5301c9c7-07e5-4746-b5a9-65c6bf0d326a<br/>
Driver info: org.openqa.selenium.firefox.FirefoxDriver<br/>
Capabilities [{platform=WINDOWS, acceptSslCerts=true, javascriptEnabled=true, cssSelectorsEnabled=true, databaseEnabled=true, browserName=firefox, handlesAlerts=true, nativeEvents=true, webStorageEnabled=true, rotatable=false, locationContextEnabled=true, applicationCacheEnabled=true, takesScreenshot=true, version=33.1}]</b></a><br />
    <div class="stackTrace" id="exception-15">
              sun.reflect.NativeConstructorAccessorImpl.newInstance0(Native Method)<br />
              sun.reflect.NativeConstructorAccessorImpl.newInstance(NativeConstructorAccessorImpl.java:57)<br />
              sun.reflect.DelegatingConstructorAccessorImpl.newInstance(DelegatingConstructorAccessorImpl.java:45)<br />
              java.lang.reflect.Constructor.newInstance(Constructor.java:526)<br />
              org.openqa.selenium.remote.ErrorHandler.createThrowable(ErrorHandler.java:204)<br />
              org.openqa.selenium.remote.ErrorHandler.throwIfResponseFailed(ErrorHandler.java:156)<br />
              org.openqa.selenium.remote.RemoteWebDriver.execute(RemoteWebDriver.java:599)<br />
              org.openqa.selenium.remote.RemoteWebDriver.executeScript(RemoteWebDriver.java:508)<br />
              sun.reflect.GeneratedMethodAccessor28.invoke(Unknown Source)<br />
              sun.reflect.DelegatingMethodAccessorImpl.invoke(DelegatingMethodAccessorImpl.java:43)<br />
              java.lang.reflect.Method.invoke(Method.java:606)<br />
              org.openqa.selenium.support.events.EventFiringWebDriver$2.invoke(EventFiringWebDriver.java:101)<br />
              com.sun.proxy.$Proxy12.executeScript(Unknown Source)<br />
              org.openqa.selenium.support.events.EventFiringWebDriver.executeScript(EventFiringWebDriver.java:213)<br />
              crazy.seleiumTools.WebTools.runjs(WebTools.java:137)<br />
              crazy.seleiumTools.WebBasicPage.setSelectVaule(WebBasicPage.java:192)<br />
              yly.web.Page.TongJiBaoBiaoPage.selectTime(TongJiBaoBiaoPage.java:373)<br />
              yly.web.testcase.tongjibaobiao.quYuJinChuTongJiQuYuHuiZong.QuYuJinChuTongJiQuYuHuiZongTimeTest.recent30days(QuYuJinChuTongJiQuYuHuiZongTimeTest.java:53)<br />
              sun.reflect.NativeMethodAccessorImpl.invoke0(Native Method)<br />
              sun.reflect.NativeMethodAccessorImpl.invoke(NativeMethodAccessorImpl.java:57)<br />
              sun.reflect.DelegatingMethodAccessorImpl.invoke(DelegatingMethodAccessorImpl.java:43)<br />
              java.lang.reflect.Method.invoke(Method.java:606)<br />
              org.testng.internal.MethodInvocationHelper.invokeMethod(MethodInvocationHelper.java:84)<br />
              org.testng.internal.Invoker.invokeMethod(Invoker.java:714)<br />
              org.testng.internal.Invoker.invokeTestMethod(Invoker.java:901)<br />
              org.testng.internal.Invoker.invokeTestMethods(Invoker.java:1231)<br />
              org.testng.internal.TestMethodWorker.invokeTestMethods(TestMethodWorker.java:127)<br />
              org.testng.internal.TestMethodWorker.run(TestMethodWorker.java:111)<br />
              org.testng.TestRunner.privateRun(TestRunner.java:767)<br />
              org.testng.TestRunner.run(TestRunner.java:617)<br />
              org.testng.SuiteRunner.runTest(SuiteRunner.java:334)<br />
              org.testng.SuiteRunner.runSequentially(SuiteRunner.java:329)<br />
              org.testng.SuiteRunner.privateRun(SuiteRunner.java:291)<br />
              org.testng.SuiteRunner.run(SuiteRunner.java:240)<br />
              org.testng.SuiteRunnerWorker.runSuite(SuiteRunnerWorker.java:52)<br />
              org.testng.SuiteRunnerWorker.run(SuiteRunnerWorker.java:86)<br />
              org.testng.TestNG.runSuitesSequentially(TestNG.java:1224)<br />
              org.testng.TestNG.runSuitesLocally(TestNG.java:1149)<br />
              org.testng.TestNG.run(TestNG.java:1057)<br />
              org.testng.remote.RemoteTestNG.run(RemoteTestNG.java:111)<br />
              org.testng.remote.RemoteTestNG.initAndRun(RemoteTestNG.java:204)<br />
              org.testng.remote.RemoteTestNG.main(RemoteTestNG.java:175)<br />
                    <b>Caused by: </b> <a href="javascript:toggleElement('exception-16', 'block')" title="Click to expand/collapse">org.openqa.selenium.WebDriverException: obj.options is undefined<br/>
Build info: version: &apos;2.44.0&apos;, revision: &apos;76d78cf323ce037c5f92db6c1bba601c2ac43ad8&apos;, time: &apos;2014-10-23 13:11:40&apos;<br/>
System info: host: &apos;e6-56&apos;, ip: &apos;192.168.0.56&apos;, os.name: &apos;Windows 7&apos;, os.arch: &apos;amd64&apos;, os.version: &apos;6.1&apos;, java.version: &apos;1.7.0_65&apos;<br/>
Driver info: driver.version: unknown</a><br />
        <div class="stackTrace" id="exception-16">
                      &lt;anonymous class&gt;.anonymous(http://webgis.e6gps.com/Report/Report/Report?id=AreaOutAndInReport&amp;name=%E5%8C%BA%E5%9F%9F%E8%BF%9B%E5%87%BA%E7%BB%9F%E8%AE%A1%E5%8C%BA%E5%9F%9F%E6%B1%87%E6%80%BB&amp;pStr= line 68 &gt; Function:1:54)<br />
                      &lt;anonymous class&gt;.handleEvaluateEvent(http://webgis.e6gps.com/Report/Report/Report?id=AreaOutAndInReport&amp;name=%E5%8C%BA%E5%9F%9F%E8%BF%9B%E5%87%BA%E7%BB%9F%E8%AE%A1%E5%8C%BA%E5%9F%9F%E6%B1%87%E6%80%BB&amp;pStr=:68:20)<br />
                  </div>
          </div>
      </td>
</tr>
 <tr  class="trcss2">
 
  <td class="method">
                  <span class="description" title="区域进出统计区域汇总（近7天）查询">recent7days</span><br/>   
      </td>
  
  
  <td class="duration">
    0.377s
  </td>
  
  
  <td class="result">
	      <span class="methodDescription" onclick="methodDescriptionclick('recent7days')">区域进出统计区域汇总（近7天）查询</span><br/>     
        
    
        
    
        

        <a href="javascript:toggleElement('exception-17', 'block')" title="Click to expand/collapse"><b>org.openqa.selenium.WebDriverException: obj.options is undefined<br/>
Command duration or timeout: 8 milliseconds<br/>
Build info: version: &apos;2.44.0&apos;, revision: &apos;76d78cf323ce037c5f92db6c1bba601c2ac43ad8&apos;, time: &apos;2014-10-23 13:11:40&apos;<br/>
System info: host: &apos;e6-56&apos;, ip: &apos;192.168.0.56&apos;, os.name: &apos;Windows 7&apos;, os.arch: &apos;amd64&apos;, os.version: &apos;6.1&apos;, java.version: &apos;1.7.0_65&apos;<br/>
Session ID: 5301c9c7-07e5-4746-b5a9-65c6bf0d326a<br/>
Driver info: org.openqa.selenium.firefox.FirefoxDriver<br/>
Capabilities [{platform=WINDOWS, acceptSslCerts=true, javascriptEnabled=true, cssSelectorsEnabled=true, databaseEnabled=true, browserName=firefox, handlesAlerts=true, nativeEvents=true, webStorageEnabled=true, rotatable=false, locationContextEnabled=true, applicationCacheEnabled=true, takesScreenshot=true, version=33.1}]</b></a><br />
    <div class="stackTrace" id="exception-17">
              sun.reflect.NativeConstructorAccessorImpl.newInstance0(Native Method)<br />
              sun.reflect.NativeConstructorAccessorImpl.newInstance(NativeConstructorAccessorImpl.java:57)<br />
              sun.reflect.DelegatingConstructorAccessorImpl.newInstance(DelegatingConstructorAccessorImpl.java:45)<br />
              java.lang.reflect.Constructor.newInstance(Constructor.java:526)<br />
              org.openqa.selenium.remote.ErrorHandler.createThrowable(ErrorHandler.java:204)<br />
              org.openqa.selenium.remote.ErrorHandler.throwIfResponseFailed(ErrorHandler.java:156)<br />
              org.openqa.selenium.remote.RemoteWebDriver.execute(RemoteWebDriver.java:599)<br />
              org.openqa.selenium.remote.RemoteWebDriver.executeScript(RemoteWebDriver.java:508)<br />
              sun.reflect.GeneratedMethodAccessor28.invoke(Unknown Source)<br />
              sun.reflect.DelegatingMethodAccessorImpl.invoke(DelegatingMethodAccessorImpl.java:43)<br />
              java.lang.reflect.Method.invoke(Method.java:606)<br />
              org.openqa.selenium.support.events.EventFiringWebDriver$2.invoke(EventFiringWebDriver.java:101)<br />
              com.sun.proxy.$Proxy12.executeScript(Unknown Source)<br />
              org.openqa.selenium.support.events.EventFiringWebDriver.executeScript(EventFiringWebDriver.java:213)<br />
              crazy.seleiumTools.WebTools.runjs(WebTools.java:137)<br />
              crazy.seleiumTools.WebBasicPage.setSelectVaule(WebBasicPage.java:192)<br />
              yly.web.Page.TongJiBaoBiaoPage.selectTime(TongJiBaoBiaoPage.java:373)<br />
              yly.web.testcase.tongjibaobiao.quYuJinChuTongJiQuYuHuiZong.QuYuJinChuTongJiQuYuHuiZongTimeTest.recent7days(QuYuJinChuTongJiQuYuHuiZongTimeTest.java:47)<br />
              sun.reflect.NativeMethodAccessorImpl.invoke0(Native Method)<br />
              sun.reflect.NativeMethodAccessorImpl.invoke(NativeMethodAccessorImpl.java:57)<br />
              sun.reflect.DelegatingMethodAccessorImpl.invoke(DelegatingMethodAccessorImpl.java:43)<br />
              java.lang.reflect.Method.invoke(Method.java:606)<br />
              org.testng.internal.MethodInvocationHelper.invokeMethod(MethodInvocationHelper.java:84)<br />
              org.testng.internal.Invoker.invokeMethod(Invoker.java:714)<br />
              org.testng.internal.Invoker.invokeTestMethod(Invoker.java:901)<br />
              org.testng.internal.Invoker.invokeTestMethods(Invoker.java:1231)<br />
              org.testng.internal.TestMethodWorker.invokeTestMethods(TestMethodWorker.java:127)<br />
              org.testng.internal.TestMethodWorker.run(TestMethodWorker.java:111)<br />
              org.testng.TestRunner.privateRun(TestRunner.java:767)<br />
              org.testng.TestRunner.run(TestRunner.java:617)<br />
              org.testng.SuiteRunner.runTest(SuiteRunner.java:334)<br />
              org.testng.SuiteRunner.runSequentially(SuiteRunner.java:329)<br />
              org.testng.SuiteRunner.privateRun(SuiteRunner.java:291)<br />
              org.testng.SuiteRunner.run(SuiteRunner.java:240)<br />
              org.testng.SuiteRunnerWorker.runSuite(SuiteRunnerWorker.java:52)<br />
              org.testng.SuiteRunnerWorker.run(SuiteRunnerWorker.java:86)<br />
              org.testng.TestNG.runSuitesSequentially(TestNG.java:1224)<br />
              org.testng.TestNG.runSuitesLocally(TestNG.java:1149)<br />
              org.testng.TestNG.run(TestNG.java:1057)<br />
              org.testng.remote.RemoteTestNG.run(RemoteTestNG.java:111)<br />
              org.testng.remote.RemoteTestNG.initAndRun(RemoteTestNG.java:204)<br />
              org.testng.remote.RemoteTestNG.main(RemoteTestNG.java:175)<br />
                    <b>Caused by: </b> <a href="javascript:toggleElement('exception-18', 'block')" title="Click to expand/collapse">org.openqa.selenium.WebDriverException: obj.options is undefined<br/>
Build info: version: &apos;2.44.0&apos;, revision: &apos;76d78cf323ce037c5f92db6c1bba601c2ac43ad8&apos;, time: &apos;2014-10-23 13:11:40&apos;<br/>
System info: host: &apos;e6-56&apos;, ip: &apos;192.168.0.56&apos;, os.name: &apos;Windows 7&apos;, os.arch: &apos;amd64&apos;, os.version: &apos;6.1&apos;, java.version: &apos;1.7.0_65&apos;<br/>
Driver info: driver.version: unknown</a><br />
        <div class="stackTrace" id="exception-18">
                      &lt;anonymous class&gt;.anonymous(http://webgis.e6gps.com/Report/Report/Report?id=AreaOutAndInReport&amp;name=%E5%8C%BA%E5%9F%9F%E8%BF%9B%E5%87%BA%E7%BB%9F%E8%AE%A1%E5%8C%BA%E5%9F%9F%E6%B1%87%E6%80%BB&amp;pStr= line 68 &gt; Function:1:54)<br />
                      &lt;anonymous class&gt;.handleEvaluateEvent(http://webgis.e6gps.com/Report/Report/Report?id=AreaOutAndInReport&amp;name=%E5%8C%BA%E5%9F%9F%E8%BF%9B%E5%87%BA%E7%BB%9F%E8%AE%A1%E5%8C%BA%E5%9F%9F%E6%B1%87%E6%80%BB&amp;pStr=:68:20)<br />
                  </div>
          </div>
      </td>
</tr>
 <tr  class="trcss1">
 
  <td class="method">
                  <span class="description" title="区域进出统计区域汇总（昨天）查询">yesterday</span><br/>   
      </td>
  
  
  <td class="duration">
    0.409s
  </td>
  
  
  <td class="result">
	      <span class="methodDescription" onclick="methodDescriptionclick('yesterday')">区域进出统计区域汇总（昨天）查询</span><br/>     
        
    
        
    
        

        <a href="javascript:toggleElement('exception-19', 'block')" title="Click to expand/collapse"><b>org.openqa.selenium.WebDriverException: obj.options is undefined<br/>
Command duration or timeout: 10 milliseconds<br/>
Build info: version: &apos;2.44.0&apos;, revision: &apos;76d78cf323ce037c5f92db6c1bba601c2ac43ad8&apos;, time: &apos;2014-10-23 13:11:40&apos;<br/>
System info: host: &apos;e6-56&apos;, ip: &apos;192.168.0.56&apos;, os.name: &apos;Windows 7&apos;, os.arch: &apos;amd64&apos;, os.version: &apos;6.1&apos;, java.version: &apos;1.7.0_65&apos;<br/>
Session ID: 5301c9c7-07e5-4746-b5a9-65c6bf0d326a<br/>
Driver info: org.openqa.selenium.firefox.FirefoxDriver<br/>
Capabilities [{platform=WINDOWS, acceptSslCerts=true, javascriptEnabled=true, cssSelectorsEnabled=true, databaseEnabled=true, browserName=firefox, handlesAlerts=true, nativeEvents=true, webStorageEnabled=true, rotatable=false, locationContextEnabled=true, applicationCacheEnabled=true, takesScreenshot=true, version=33.1}]</b></a><br />
    <div class="stackTrace" id="exception-19">
              sun.reflect.NativeConstructorAccessorImpl.newInstance0(Native Method)<br />
              sun.reflect.NativeConstructorAccessorImpl.newInstance(NativeConstructorAccessorImpl.java:57)<br />
              sun.reflect.DelegatingConstructorAccessorImpl.newInstance(DelegatingConstructorAccessorImpl.java:45)<br />
              java.lang.reflect.Constructor.newInstance(Constructor.java:526)<br />
              org.openqa.selenium.remote.ErrorHandler.createThrowable(ErrorHandler.java:204)<br />
              org.openqa.selenium.remote.ErrorHandler.throwIfResponseFailed(ErrorHandler.java:156)<br />
              org.openqa.selenium.remote.RemoteWebDriver.execute(RemoteWebDriver.java:599)<br />
              org.openqa.selenium.remote.RemoteWebDriver.executeScript(RemoteWebDriver.java:508)<br />
              sun.reflect.GeneratedMethodAccessor28.invoke(Unknown Source)<br />
              sun.reflect.DelegatingMethodAccessorImpl.invoke(DelegatingMethodAccessorImpl.java:43)<br />
              java.lang.reflect.Method.invoke(Method.java:606)<br />
              org.openqa.selenium.support.events.EventFiringWebDriver$2.invoke(EventFiringWebDriver.java:101)<br />
              com.sun.proxy.$Proxy12.executeScript(Unknown Source)<br />
              org.openqa.selenium.support.events.EventFiringWebDriver.executeScript(EventFiringWebDriver.java:213)<br />
              crazy.seleiumTools.WebTools.runjs(WebTools.java:137)<br />
              crazy.seleiumTools.WebBasicPage.setSelectVaule(WebBasicPage.java:192)<br />
              yly.web.Page.TongJiBaoBiaoPage.selectTime(TongJiBaoBiaoPage.java:373)<br />
              yly.web.testcase.tongjibaobiao.quYuJinChuTongJiQuYuHuiZong.QuYuJinChuTongJiQuYuHuiZongTimeTest.yesterday(QuYuJinChuTongJiQuYuHuiZongTimeTest.java:35)<br />
              sun.reflect.NativeMethodAccessorImpl.invoke0(Native Method)<br />
              sun.reflect.NativeMethodAccessorImpl.invoke(NativeMethodAccessorImpl.java:57)<br />
              sun.reflect.DelegatingMethodAccessorImpl.invoke(DelegatingMethodAccessorImpl.java:43)<br />
              java.lang.reflect.Method.invoke(Method.java:606)<br />
              org.testng.internal.MethodInvocationHelper.invokeMethod(MethodInvocationHelper.java:84)<br />
              org.testng.internal.Invoker.invokeMethod(Invoker.java:714)<br />
              org.testng.internal.Invoker.invokeTestMethod(Invoker.java:901)<br />
              org.testng.internal.Invoker.invokeTestMethods(Invoker.java:1231)<br />
              org.testng.internal.TestMethodWorker.invokeTestMethods(TestMethodWorker.java:127)<br />
              org.testng.internal.TestMethodWorker.run(TestMethodWorker.java:111)<br />
              org.testng.TestRunner.privateRun(TestRunner.java:767)<br />
              org.testng.TestRunner.run(TestRunner.java:617)<br />
              org.testng.SuiteRunner.runTest(SuiteRunner.java:334)<br />
              org.testng.SuiteRunner.runSequentially(SuiteRunner.java:329)<br />
              org.testng.SuiteRunner.privateRun(SuiteRunner.java:291)<br />
              org.testng.SuiteRunner.run(SuiteRunner.java:240)<br />
              org.testng.SuiteRunnerWorker.runSuite(SuiteRunnerWorker.java:52)<br />
              org.testng.SuiteRunnerWorker.run(SuiteRunnerWorker.java:86)<br />
              org.testng.TestNG.runSuitesSequentially(TestNG.java:1224)<br />
              org.testng.TestNG.runSuitesLocally(TestNG.java:1149)<br />
              org.testng.TestNG.run(TestNG.java:1057)<br />
              org.testng.remote.RemoteTestNG.run(RemoteTestNG.java:111)<br />
              org.testng.remote.RemoteTestNG.initAndRun(RemoteTestNG.java:204)<br />
              org.testng.remote.RemoteTestNG.main(RemoteTestNG.java:175)<br />
                    <b>Caused by: </b> <a href="javascript:toggleElement('exception-20', 'block')" title="Click to expand/collapse">org.openqa.selenium.WebDriverException: obj.options is undefined<br/>
Build info: version: &apos;2.44.0&apos;, revision: &apos;76d78cf323ce037c5f92db6c1bba601c2ac43ad8&apos;, time: &apos;2014-10-23 13:11:40&apos;<br/>
System info: host: &apos;e6-56&apos;, ip: &apos;192.168.0.56&apos;, os.name: &apos;Windows 7&apos;, os.arch: &apos;amd64&apos;, os.version: &apos;6.1&apos;, java.version: &apos;1.7.0_65&apos;<br/>
Driver info: driver.version: unknown</a><br />
        <div class="stackTrace" id="exception-20">
                      &lt;anonymous class&gt;.anonymous(http://webgis.e6gps.com/Report/Report/Report?id=AreaOutAndInReport&amp;name=%E5%8C%BA%E5%9F%9F%E8%BF%9B%E5%87%BA%E7%BB%9F%E8%AE%A1%E5%8C%BA%E5%9F%9F%E6%B1%87%E6%80%BB&amp;pStr= line 68 &gt; Function:1:54)<br />
                      &lt;anonymous class&gt;.handleEvaluateEvent(http://webgis.e6gps.com/Report/Report/Report?id=AreaOutAndInReport&amp;name=%E5%8C%BA%E5%9F%9F%E8%BF%9B%E5%87%BA%E7%BB%9F%E8%AE%A1%E5%8C%BA%E5%9F%9F%E6%B1%87%E6%80%BB&amp;pStr=:68:20)<br />
                  </div>
          </div>
      </td>
</tr>
      </table>

  <table class="resultsTable" width="100%">
    <tr><th colspan="3" class="header skipped">Skipped Tests</th></tr>
          <tr>
        <td colspan="3" class="group">yly.web.testcase.tongjibaobiao.lichengbaobiao.LiChengBaoBiaoDay</td>
      </tr>
             <tr  class="trcss2">
 
  <td class="method">
                  <span class="description" title="日报查询表头验证">assertDayReportHeader</span><br/>   
      </td>
  
  
  <td class="duration">
    0.000s
  </td>
  
  
  <td class="result">
	      <span class="methodDescription" onclick="methodDescriptionclick('assertDayReportHeader')">日报查询表头验证</span><br/>     
        
    
                             <i>Depends on method(s): </i>
        <span class="dependency">yly.web.testcase.tongjibaobiao.lichengbaobiao.LiChengBaoBiaoDay.liChengBaoBiaoDay</span>
                
    
        

      </td>
</tr>
 <tr  class="trcss1">
 
  <td class="method">
                  <span class="description" title="日报查询结果值验证">assertdDayQueryResult</span><br/>   
      </td>
  
  
  <td class="duration">
    0.000s
  </td>
  
  
  <td class="result">
	      <span class="methodDescription" onclick="methodDescriptionclick('assertdDayQueryResult')">日报查询结果值验证</span><br/>     
        
    
                             <i>Depends on method(s): </i>
        <span class="dependency">yly.web.testcase.tongjibaobiao.lichengbaobiao.LiChengBaoBiaoDay.liChengBaoBiaoDay</span>
                
    
        

      </td>
</tr>
 <tr  class="trcss2">
 
  <td class="method">
                  <span class="description" title="日报查询时间值验证">assertdDayTimeStyle</span><br/>   
      </td>
  
  
  <td class="duration">
    0.001s
  </td>
  
  
  <td class="result">
	      <span class="methodDescription" onclick="methodDescriptionclick('assertdDayTimeStyle')">日报查询时间值验证</span><br/>     
        
    
                             <i>Depends on method(s): </i>
        <span class="dependency">yly.web.testcase.tongjibaobiao.lichengbaobiao.LiChengBaoBiaoDay.liChengBaoBiaoDay</span>
                
    
        

      </td>
</tr>
          <tr>
        <td colspan="3" class="group">yly.web.testcase.tongjibaobiao.lichengbaobiao.LiChengBaoBiaoDetail</td>
      </tr>
             <tr  class="trcss2">
 
  <td class="method">
                  <span class="description" title="明细查询表头验证">assertDetailReportHeader</span><br/>   
      </td>
  
  
  <td class="duration">
    0.000s
  </td>
  
  
  <td class="result">
	      <span class="methodDescription" onclick="methodDescriptionclick('assertDetailReportHeader')">明细查询表头验证</span><br/>     
        
    
                             <i>Depends on method(s): </i>
        <span class="dependency">yly.web.testcase.tongjibaobiao.lichengbaobiao.LiChengBaoBiaoDetail.liChengBaoBiaoDetail</span>
                
    
        

      </td>
</tr>
 <tr  class="trcss1">
 
  <td class="method">
                  <span class="description" title="明细查询结果值验证">assertdDetailQueryResult</span><br/>   
      </td>
  
  
  <td class="duration">
    0.001s
  </td>
  
  
  <td class="result">
	      <span class="methodDescription" onclick="methodDescriptionclick('assertdDetailQueryResult')">明细查询结果值验证</span><br/>     
        
    
                             <i>Depends on method(s): </i>
        <span class="dependency">yly.web.testcase.tongjibaobiao.lichengbaobiao.LiChengBaoBiaoDetail.liChengBaoBiaoDetail</span>
                
    
        

      </td>
</tr>
 <tr  class="trcss2">
 
  <td class="method">
                  <span class="description" title="明细查询时间值验证">assertdDetailTimeStyle</span><br/>   
      </td>
  
  
  <td class="duration">
    0.000s
  </td>
  
  
  <td class="result">
	      <span class="methodDescription" onclick="methodDescriptionclick('assertdDetailTimeStyle')">明细查询时间值验证</span><br/>     
        
    
                             <i>Depends on method(s): </i>
        <span class="dependency">yly.web.testcase.tongjibaobiao.lichengbaobiao.LiChengBaoBiaoDetail.liChengBaoBiaoDetail</span>
                
    
        

      </td>
</tr>
          <tr>
        <td colspan="3" class="group">yly.web.testcase.tongjibaobiao.lichengbaobiao.LiChengBaoBiaoMonth</td>
      </tr>
             <tr  class="trcss2">
 
  <td class="method">
                  <span class="description" title="月报查询结果值验证">assertMonthQueryResult</span><br/>   
      </td>
  
  
  <td class="duration">
    0.001s
  </td>
  
  
  <td class="result">
	      <span class="methodDescription" onclick="methodDescriptionclick('assertMonthQueryResult')">月报查询结果值验证</span><br/>     
        
    
                             <i>Depends on method(s): </i>
        <span class="dependency">yly.web.testcase.tongjibaobiao.lichengbaobiao.LiChengBaoBiaoMonth.liChengBaoBiaoMonth</span>
                
    
        

      </td>
</tr>
 <tr  class="trcss1">
 
  <td class="method">
                  <span class="description" title="月报查询表头验证">assertMonthReportHeader</span><br/>   
      </td>
  
  
  <td class="duration">
    0.000s
  </td>
  
  
  <td class="result">
	      <span class="methodDescription" onclick="methodDescriptionclick('assertMonthReportHeader')">月报查询表头验证</span><br/>     
        
    
                             <i>Depends on method(s): </i>
        <span class="dependency">yly.web.testcase.tongjibaobiao.lichengbaobiao.LiChengBaoBiaoMonth.liChengBaoBiaoMonth</span>
                
    
        

      </td>
</tr>
 <tr  class="trcss2">
 
  <td class="method">
                  <span class="description" title="月报查询时间值验证">assertMonthTimeStyle</span><br/>   
      </td>
  
  
  <td class="duration">
    0.001s
  </td>
  
  
  <td class="result">
	      <span class="methodDescription" onclick="methodDescriptionclick('assertMonthTimeStyle')">月报查询时间值验证</span><br/>     
        
    
                             <i>Depends on method(s): </i>
        <span class="dependency">yly.web.testcase.tongjibaobiao.lichengbaobiao.LiChengBaoBiaoMonth.liChengBaoBiaoMonth</span>
                
    
        

      </td>
</tr>
          <tr>
        <td colspan="3" class="group">yly.web.testcase.tongjibaobiao.lichengbaobiao.LiChengBaoBiaoWeek</td>
      </tr>
             <tr  class="trcss2">
 
  <td class="method">
                  <span class="description" title="周报查询结果值验证">assertWeekQueryResult</span><br/>   
      </td>
  
  
  <td class="duration">
    0.000s
  </td>
  
  
  <td class="result">
	      <span class="methodDescription" onclick="methodDescriptionclick('assertWeekQueryResult')">周报查询结果值验证</span><br/>     
        
    
                             <i>Depends on method(s): </i>
        <span class="dependency">yly.web.testcase.tongjibaobiao.lichengbaobiao.LiChengBaoBiaoWeek.liChengBaoBiaoWeek</span>
                
    
        

      </td>
</tr>
 <tr  class="trcss1">
 
  <td class="method">
                  <span class="description" title="周报查询表头验证">assertWeekReportHeader</span><br/>   
      </td>
  
  
  <td class="duration">
    0.000s
  </td>
  
  
  <td class="result">
	      <span class="methodDescription" onclick="methodDescriptionclick('assertWeekReportHeader')">周报查询表头验证</span><br/>     
        
    
                             <i>Depends on method(s): </i>
        <span class="dependency">yly.web.testcase.tongjibaobiao.lichengbaobiao.LiChengBaoBiaoWeek.liChengBaoBiaoWeek</span>
                
    
        

      </td>
</tr>
 <tr  class="trcss2">
 
  <td class="method">
                  <span class="description" title="周报查询时间值验证">assertWeekTimeStyle</span><br/>   
      </td>
  
  
  <td class="duration">
    0.000s
  </td>
  
  
  <td class="result">
	      <span class="methodDescription" onclick="methodDescriptionclick('assertWeekTimeStyle')">周报查询时间值验证</span><br/>     
        
    
                             <i>Depends on method(s): </i>
        <span class="dependency">yly.web.testcase.tongjibaobiao.lichengbaobiao.LiChengBaoBiaoWeek.liChengBaoBiaoWeek</span>
                
    
        

      </td>
</tr>
          <tr>
        <td colspan="3" class="group">yly.web.testcase.tongjibaobiao.quYuJinChuTongJiQuYuHuiZong.QuYuJinChuTongJiQuYuHuiZongOtherTest</td>
      </tr>
             <tr  class="trcss2">
 
  <td class="method">
                  <span class="description" title="区域进出统计区域汇总11月-办公室(点转面)-停车时长3000查询结果验证">assertResult</span><br/>   
      </td>
  
  
  <td class="duration">
    0.000s
  </td>
  
  
  <td class="result">
	      <span class="methodDescription" onclick="methodDescriptionclick('assertResult')">区域进出统计区域汇总11月-办公室(点转面)-停车时长3000查询结果验证</span><br/>     
        
    
                             <i>Depends on method(s): </i>
        <span class="dependency">yly.web.testcase.tongjibaobiao.quYuJinChuTongJiQuYuHuiZong.QuYuJinChuTongJiQuYuHuiZongOtherTest.AnyTimeAndAnyArea</span>
                
    
        

      </td>
</tr>
 <tr  class="trcss1">
 
  <td class="method">
                  <span class="description" title="验证查询结果中的区域进出明细是否与查询结果相符">assertResultDetails</span><br/>   
      </td>
  
  
  <td class="duration">
    0.000s
  </td>
  
  
  <td class="result">
	      <span class="methodDescription" onclick="methodDescriptionclick('assertResultDetails')">验证查询结果中的区域进出明细是否与查询结果相符</span><br/>     
        
    
                             <i>Depends on method(s): </i>
        <span class="dependency">yly.web.testcase.tongjibaobiao.quYuJinChuTongJiQuYuHuiZong.QuYuJinChuTongJiQuYuHuiZongOtherTest.assertResultInOutTimes</span>
                
    
        

      </td>
</tr>
 <tr  class="trcss2">
 
  <td class="method">
                  <span class="description" title="区域进出统计区域汇总11月-办公室(点转面)-停车时长3000查询-进出次数验证">assertResultInOutTimes</span><br/>   
      </td>
  
  
  <td class="duration">
    0.001s
  </td>
  
  
  <td class="result">
	      <span class="methodDescription" onclick="methodDescriptionclick('assertResultInOutTimes')">区域进出统计区域汇总11月-办公室(点转面)-停车时长3000查询-进出次数验证</span><br/>     
        
    
                             <i>Depends on method(s): </i>
        <span class="dependency">yly.web.testcase.tongjibaobiao.quYuJinChuTongJiQuYuHuiZong.QuYuJinChuTongJiQuYuHuiZongOtherTest.AnyTimeAndAnyArea</span>
                
    
        

      </td>
</tr>
      </table>

  <table class="resultsTable">
    <tr><th colspan="3" class="header passed">Passed Tests</th></tr>
          <tr>
        <td colspan="3" class="group">yly.web.testcase.tongjibaobiao.quYuJinChuTongJiQuYuHuiZong.QuYuJinChuTongJiQuYuHuiZongTimeTest</td>
      </tr>
             <tr  class="trcss2">
 
  <td class="method">
                  <span class="description" title="进入区域进出统计区域汇总页面">toquYuJinChuTongJiQuYuHuiZong</span><br/>   
      </td>
  
  
  <td class="duration">
    4.097s
  </td>
  
  
  <td class="result">
	      <span class="methodDescription" onclick="methodDescriptionclick('toquYuJinChuTongJiQuYuHuiZong')">进入区域进出统计区域汇总页面</span><br/>     
        
    
        
    
            <div id=toquYuJinChuTongJiQuYuHuiZong class="testOutput"  >
                        2014-12-10 11:48:25=&gt;移动鼠标到[统计报表]中心后点击，鼠标悬停，随后找到[区域进出统计区域汇总]点击<br />
                                2014-12-10 11:48:26=&gt;跳转到新页面：易流云平台<br />
                                2014-12-10 11:48:28=&gt;New page title is:易流云平台<br />
                  </div>
    

      </td>
</tr>
      </table>
  
</body>
</html>
